<?xml version="1.0" encoding="UTF-8"?>
<!-- Generated by org.testng.reporters.JUnitReportReporter -->
<testsuite hostname="INBook_X1" failures="0" tests="4" name="testCases.tc_003_login_ddt" time="33.886" errors="0" timestamp="2024-06-03T21:36:42 IST" skipped="0">
  <testcase classname="testCases.tc_003_login_ddt" name="verify_login_ddt" time="10.776"/>
  <testcase classname="testCases.tc_003_login_ddt" name="verify_login_ddt" time="10.660"/>
  <testcase classname="testCases.tc_003_login_ddt" name="verify_login_ddt" time="1.676"/>
  <testcase classname="testCases.tc_003_login_ddt" name="verify_login_ddt" time="10.774"/>
</testsuite> <!-- testCases.tc_003_login_ddt -->
