<?xml version="1.0" encoding="UTF-8"?>
<!-- Generated by org.testng.reporters.JUnitReportReporter -->
<testsuite hostname="INBook_X1" failures="0" tests="4" name="testCases.tc_003_login_ddt" time="37.291" errors="0" timestamp="2024-06-06T12:24:56 IST" skipped="0">
  <testcase classname="testCases.tc_003_login_ddt" name="verify_login_ddt" time="11.271"/>
  <testcase classname="testCases.tc_003_login_ddt" name="verify_login_ddt" time="3.213"/>
  <testcase classname="testCases.tc_003_login_ddt" name="verify_login_ddt" time="11.305"/>
  <testcase classname="testCases.tc_003_login_ddt" name="verify_login_ddt" time="11.502"/>
</testsuite> <!-- testCases.tc_003_login_ddt -->
