<?xml version="1.0" encoding="UTF-8"?>
<!-- Generated by org.testng.reporters.JUnitReportReporter -->
<testsuite hostname="INBook_X1" failures="0" tests="1" name="testCases.tc_001_account_registration" time="3.108" errors="0" timestamp="2024-06-06T12:24:56 IST" skipped="0">
  <testcase classname="testCases.tc_001_account_registration" name="verify_account_registration" time="3.108"/>
</testsuite> <!-- testCases.tc_001_account_registration -->
