<?xml version="1.0" encoding="UTF-8"?>
<!-- Generated by org.testng.reporters.JUnitReportReporter -->
<testsuite hostname="INBook_X1" failures="0" tests="1" name="testCases.tc_002_login_test" time="1.715" errors="0" timestamp="2024-06-03T21:36:42 IST" skipped="0">
  <testcase classname="testCases.tc_002_login_test" name="verify_login" time="1.715"/>
</testsuite> <!-- testCases.tc_002_login_test -->
