<?xml version="1.0" encoding="UTF-8"?>
<!-- Generated by org.testng.reporters.JUnitReportReporter -->
<testsuite hostname="INBook_X1" failures="0" tests="1" name="testCases.tc_001_account_registration" time="1.949" errors="0" timestamp="2024-06-05T00:39:35 IST" skipped="0">
  <testcase classname="testCases.tc_001_account_registration" name="verify_account_registration" time="1.949"/>
</testsuite> <!-- testCases.tc_001_account_registration -->
